2026-01-16 14:51:06.124 | INFO     | __main__:main:184 - 任务开始 | site=ml_mx | cat_id=['MLM437575', 'MLM455251', 'MLM420128']
2026-01-16 14:51:07.505 | ERROR    | __main__:process_cursor:145 - 处理失败 | data={'_id': ObjectId('694501d838a0e7b69edc4998'), 'sl': 'MLM3842106708', 'cid': 'MLM437575', 'pid': 'MLM52705904'} | error='NoneType' object is not subscriptable
2026-01-16 14:51:07.711 | ERROR    | __main__:process_cursor:145 - 处理失败 | data={'_id': ObjectId('694501d838a0e7b69edc4999'), 'sl': 'MLM2323928683', 'cid': 'MLM437575', 'pid': 'MLM49379018'} | error='NoneType' object is not subscriptable
2026-01-16 14:51:07.912 | ERROR    | __main__:process_cursor:145 - 处理失败 | data={'_id': ObjectId('694501d838a0e7b69edc499a'), 'sl': 'MLM3779547348', 'cid': 'MLM437575', 'pid': 'MLM40444477'} | error='NoneType' object is not subscriptable
2026-01-16 14:51:08.117 | ERROR    | __main__:process_cursor:145 - 处理失败 | data={'_id': ObjectId('694501d838a0e7b69edc499b'), 'sl': 'MLM3561726048', 'cid': 'MLM437575', 'pid': 'MLM46043487'} | error='NoneType' object is not subscriptable
2026-01-16 14:51:08.424 | ERROR    | __main__:process_cursor:145 - 处理失败 | data={'_id': ObjectId('694501d838a0e7b69edc499c'), 'sl': 'MLM2470549789', 'cid': 'MLM437575'} | error='sku_id'
2026-01-16 14:51:08.613 | ERROR    | __main__:process_cursor:145 - 处理失败 | data={'_id': ObjectId('694501d838a0e7b69edc499d'), 'sl': 'MLM3634343208', 'cid': 'MLM437575', 'pid': 'MLM47862833'} | error='NoneType' object is not subscriptable
2026-01-16 14:51:08.833 | ERROR    | __main__:process_cursor:145 - 处理失败 | data={'_id': ObjectId('694501d838a0e7b69edc499e'), 'sl': 'MLM2324270427', 'cid': 'MLM437575', 'pid': 'MLM37339790'} | error='NoneType' object is not subscriptable
2026-01-16 14:51:08.977 | ERROR    | __main__:process_cursor:145 - 处理失败 | data={'_id': ObjectId('694501d838a0e7b69edc499f'), 'sl': 'MLM3361782862', 'cid': 'MLM437575', 'pid': 'MLM21850620'} | error='NoneType' object is not subscriptable
2026-01-16 14:51:09.243 | ERROR    | __main__:process_cursor:145 - 处理失败 | data={'_id': ObjectId('694501d838a0e7b69edc49a0'), 'sl': 'MLM4354201392', 'cid': 'MLM437575', 'pid': 'MLM36818788'} | error='NoneType' object is not subscriptable
2026-01-16 14:51:09.450 | ERROR    | __main__:process_cursor:145 - 处理失败 | data={'_id': ObjectId('694501d838a0e7b69edc49a1'), 'sl': 'MLM2620212159', 'cid': 'MLM437575', 'pid': 'MLM63098249'} | error='NoneType' object is not subscriptable
2026-01-16 14:51:09.655 | ERROR    | __main__:process_cursor:145 - 处理失败 | data={'_id': ObjectId('694501d838a0e7b69edc49a2'), 'sl': 'MLM3485028204', 'cid': 'MLM437575', 'pid': 'MLM43886940'} | error='NoneType' object is not subscriptable
2026-01-16 14:51:09.835 | ERROR    | __main__:process_cursor:145 - 处理失败 | data={'_id': ObjectId('694501d838a0e7b69edc49a3'), 'sl': 'MLM2531490897', 'cid': 'MLM437575', 'pid': 'MLM61340169'} | error='NoneType' object is not subscriptable
2026-01-16 14:51:09.966 | ERROR    | __main__:process_cursor:145 - 处理失败 | data={'_id': ObjectId('694501d838a0e7b69edc49a4'), 'sl': 'MLM3936588896', 'cid': 'MLM437575', 'pid': 'MLM53886390'} | error='NoneType' object is not subscriptable
2026-01-16 14:51:10.174 | ERROR    | __main__:process_cursor:145 - 处理失败 | data={'_id': ObjectId('694501d838a0e7b69edc49a5'), 'sl': 'MLM3196112650', 'cid': 'MLM437575', 'pid': 'MLM36484972'} | error='NoneType' object is not subscriptable
2026-01-16 14:51:10.369 | ERROR    | __main__:process_cursor:145 - 处理失败 | data={'_id': ObjectId('694501d838a0e7b69edc49a6'), 'sl': 'MLM2631255930', 'cid': 'MLM437575', 'pid': 'MLM27003351'} | error='NoneType' object is not subscriptable
2026-01-16 14:51:10.584 | ERROR    | __main__:process_cursor:145 - 处理失败 | data={'_id': ObjectId('694501d838a0e7b69edc49a7'), 'sl': 'MLM2265161573', 'cid': 'MLM437575', 'pid': 'MLM46015946'} | error='NoneType' object is not subscriptable
2026-01-16 14:51:10.780 | ERROR    | __main__:process_cursor:145 - 处理失败 | data={'_id': ObjectId('694501d838a0e7b69edc49a8'), 'sl': 'MLM2994194042', 'cid': 'MLM437575', 'pid': 'MLM27003788'} | error='NoneType' object is not subscriptable
2026-01-16 14:51:10.985 | ERROR    | __main__:process_cursor:145 - 处理失败 | data={'_id': ObjectId('694501d838a0e7b69edc49a9'), 'sl': 'MLM2416938429', 'cid': 'MLM437575'} | error='sku_id'
2026-01-16 14:51:11.191 | ERROR    | __main__:process_cursor:145 - 处理失败 | data={'_id': ObjectId('694501d838a0e7b69edc49aa'), 'sl': 'MLM3797312162', 'cid': 'MLM437575', 'pid': 'MLM50144436'} | error='NoneType' object is not subscriptable
2026-01-16 14:51:11.398 | ERROR    | __main__:process_cursor:145 - 处理失败 | data={'_id': ObjectId('694501d838a0e7b69edc49ab'), 'sl': 'MLM2241121635', 'cid': 'MLM437575', 'pid': 'MLM45284030'} | error='NoneType' object is not subscriptable
2026-01-16 14:51:11.558 | ERROR    | __main__:process_cursor:145 - 处理失败 | data={'_id': ObjectId('694501d838a0e7b69edc49ac'), 'sl': 'MLM3516167080', 'cid': 'MLM437575', 'pid': 'MLM45160852'} | error='NoneType' object is not subscriptable
2026-01-16 14:51:11.712 | ERROR    | __main__:process_cursor:145 - 处理失败 | data={'_id': ObjectId('694501d838a0e7b69edc49ad'), 'sl': 'MLM2230974617', 'cid': 'MLM437575', 'pid': 'MLM22198587'} | error='NoneType' object is not subscriptable
2026-01-16 14:51:12.087 | ERROR    | __main__:process_cursor:145 - 处理失败 | data={'_id': ObjectId('694501d838a0e7b69edc49ae'), 'sl': 'MLM2316696059', 'cid': 'MLM437575', 'pid': 'MLM18624734'} | error='NoneType' object is not subscriptable
2026-01-16 14:51:12.197 | ERROR    | __main__:process_cursor:145 - 处理失败 | data={'_id': ObjectId('694501d838a0e7b69edc49af'), 'sl': 'MLM2394093363', 'cid': 'MLM437575', 'pid': 'MLM53407295'} | error='NoneType' object is not subscriptable
2026-01-16 14:51:12.398 | ERROR    | __main__:process_cursor:145 - 处理失败 | data={'_id': ObjectId('694501d838a0e7b69edc49b0'), 'sl': 'MLM3841522680', 'cid': 'MLM437575', 'pid': 'MLM52611514'} | error='NoneType' object is not subscriptable
2026-01-16 14:51:12.520 | ERROR    | __main__:process_cursor:145 - 处理失败 | data={'_id': ObjectId('694501d838a0e7b69edc49b1'), 'sl': 'MLM3524976716', 'cid': 'MLM437575', 'pid': 'MLM45284615'} | error='NoneType' object is not subscriptable
2026-01-16 14:51:12.644 | ERROR    | __main__:process_cursor:145 - 处理失败 | data={'_id': ObjectId('694501d838a0e7b69edc49b2'), 'sl': 'MLM2540114561', 'cid': 'MLM437575', 'pid': 'MLM45645263'} | error='NoneType' object is not subscriptable
2026-01-16 14:51:12.988 | ERROR    | __main__:process_cursor:145 - 处理失败 | data={'_id': ObjectId('694501d838a0e7b69edc49b3'), 'sl': 'MLM4111468330', 'cid': 'MLM437575', 'pid': 'MLM57320469'} | error='NoneType' object is not subscriptable
2026-01-16 14:51:13.169 | ERROR    | __main__:process_cursor:145 - 处理失败 | data={'_id': ObjectId('694501d838a0e7b69edc49b4'), 'sl': 'MLM4168624592', 'cid': 'MLM437575', 'pid': 'MLM59146646'} | error='NoneType' object is not subscriptable
2026-01-16 14:51:13.292 | ERROR    | __main__:process_cursor:145 - 处理失败 | data={'_id': ObjectId('694501d838a0e7b69edc49b5'), 'sl': 'MLM2491301433', 'cid': 'MLM437575', 'pid': 'MLM22745270'} | error='NoneType' object is not subscriptable
2026-01-16 14:51:13.426 | ERROR    | __main__:process_cursor:145 - 处理失败 | data={'_id': ObjectId('694501d838a0e7b69edc49b6'), 'sl': 'MLM3459219938', 'cid': 'MLM437575', 'pid': 'MLM42801373'} | error='NoneType' object is not subscriptable
2026-01-16 14:51:13.544 | ERROR    | __main__:process_cursor:145 - 处理失败 | data={'_id': ObjectId('694501d838a0e7b69edc49b7'), 'sl': 'MLM2527647761', 'cid': 'MLM437575', 'pid': 'MLM60927706'} | error='NoneType' object is not subscriptable
2026-01-16 14:51:13.668 | ERROR    | __main__:process_cursor:145 - 处理失败 | data={'_id': ObjectId('694501d838a0e7b69edc49b8'), 'sl': 'MLM2230934039', 'cid': 'MLM437575', 'pid': 'MLM45894343'} | error='NoneType' object is not subscriptable
2026-01-16 14:51:13.815 | ERROR    | __main__:process_cursor:145 - 处理失败 | data={'_id': ObjectId('694501d838a0e7b69edc49b9'), 'sl': 'MLM3752162766', 'cid': 'MLM437575', 'pid': 'MLM51232608'} | error='NoneType' object is not subscriptable
2026-01-16 14:51:13.961 | ERROR    | __main__:process_cursor:145 - 处理失败 | data={'_id': ObjectId('694501d838a0e7b69edc49ba'), 'sl': 'MLM2480454575', 'cid': 'MLM437575', 'pid': 'MLM42113545'} | error='NoneType' object is not subscriptable
2026-01-16 14:51:14.120 | ERROR    | __main__:process_cursor:145 - 处理失败 | data={'_id': ObjectId('694501d838a0e7b69edc49bb'), 'sl': 'MLM4518978700', 'cid': 'MLM437575', 'pid': 'MLM52369677'} | error='NoneType' object is not subscriptable
2026-01-16 14:51:14.242 | ERROR    | __main__:process_cursor:145 - 处理失败 | data={'_id': ObjectId('694501d838a0e7b69edc49bc'), 'sl': 'MLM4479515814', 'cid': 'MLM437575', 'pid': 'MLM62956983'} | error='NoneType' object is not subscriptable
2026-01-16 14:51:14.393 | ERROR    | __main__:process_cursor:145 - 处理失败 | data={'_id': ObjectId('694501d838a0e7b69edc49bd'), 'sl': 'MLM2936146398', 'cid': 'MLM437575'} | error='sku_id'
2026-01-16 14:51:14.528 | ERROR    | __main__:process_cursor:145 - 处理失败 | data={'_id': ObjectId('694501d838a0e7b69edc49be'), 'sl': 'MLM2197622437', 'cid': 'MLM437575', 'pid': 'MLM43916636'} | error='NoneType' object is not subscriptable
2026-01-16 14:51:14.665 | ERROR    | __main__:process_cursor:145 - 处理失败 | data={'_id': ObjectId('694501d838a0e7b69edc49bf'), 'sl': 'MLM1975179935', 'cid': 'MLM437575', 'pid': 'MLM27915779'} | error='NoneType' object is not subscriptable
2026-01-16 14:51:14.815 | ERROR    | __main__:process_cursor:145 - 处理失败 | data={'_id': ObjectId('694501d838a0e7b69edc49c0'), 'sl': 'MLM2195428011', 'cid': 'MLM437575', 'pid': 'MLM44004737'} | error='NoneType' object is not subscriptable
2026-01-16 14:51:14.952 | ERROR    | __main__:process_cursor:145 - 处理失败 | data={'_id': ObjectId('694501d838a0e7b69edc49c1'), 'sl': 'MLM2513208371', 'cid': 'MLM437575'} | error='sku_id'
2026-01-16 14:51:15.085 | ERROR    | __main__:process_cursor:145 - 处理失败 | data={'_id': ObjectId('694501d838a0e7b69edc49c2'), 'sl': 'MLM3677590502', 'cid': 'MLM437575'} | error='sku_id'
2026-01-16 14:51:15.257 | ERROR    | __main__:process_cursor:145 - 处理失败 | data={'_id': ObjectId('694501d838a0e7b69edc49c3'), 'sl': 'MLM2529800715', 'cid': 'MLM437575', 'pid': 'MLM53048778'} | error='NoneType' object is not subscriptable
2026-01-16 14:51:15.414 | ERROR    | __main__:process_cursor:145 - 处理失败 | data={'_id': ObjectId('694501d838a0e7b69edc49c4'), 'sl': 'MLM2080105237', 'cid': 'MLM437575'} | error='sku_id'
2026-01-16 14:51:15.566 | ERROR    | __main__:process_cursor:145 - 处理失败 | data={'_id': ObjectId('694501d838a0e7b69edc49c5'), 'sl': 'MLM2424302303', 'cid': 'MLM437575'} | error='sku_id'
2026-01-16 14:51:15.693 | ERROR    | __main__:process_cursor:145 - 处理失败 | data={'_id': ObjectId('694501d838a0e7b69edc49c6'), 'sl': 'MLM2568201115', 'cid': 'MLM437575', 'pid': 'MLM58437650'} | error='NoneType' object is not subscriptable
2026-01-16 14:51:15.822 | ERROR    | __main__:process_cursor:145 - 处理失败 | data={'_id': ObjectId('694501d838a0e7b69edc49c7'), 'sl': 'MLM2254578449', 'cid': 'MLM437575', 'pid': 'MLM19807682'} | error='NoneType' object is not subscriptable
2026-01-16 14:51:15.963 | ERROR    | __main__:process_cursor:145 - 处理失败 | data={'_id': ObjectId('694501d838a0e7b69edc49c8'), 'sl': 'MLM3927517004', 'cid': 'MLM437575', 'pid': 'MLM43981457'} | error='NoneType' object is not subscriptable
2026-01-16 14:51:16.161 | ERROR    | __main__:process_cursor:145 - 处理失败 | data={'_id': ObjectId('694501d838a0e7b69edc49c9'), 'sl': 'MLM3614306166', 'cid': 'MLM437575'} | error='sku_id'
2026-01-16 14:51:16.313 | ERROR    | __main__:process_cursor:145 - 处理失败 | data={'_id': ObjectId('694501d838a0e7b69edc49ca'), 'sl': 'MLM1847782748', 'cid': 'MLM437575', 'pid': 'MLM21011352'} | error='NoneType' object is not subscriptable
2026-01-16 14:51:16.455 | ERROR    | __main__:process_cursor:145 - 处理失败 | data={'_id': ObjectId('694501d838a0e7b69edc49cb'), 'sl': 'MLM3609443018', 'cid': 'MLM437575', 'pid': 'MLM45153116'} | error='NoneType' object is not subscriptable
2026-01-16 14:51:16.567 | ERROR    | __main__:process_cursor:145 - 处理失败 | data={'_id': ObjectId('694501d838a0e7b69edc49cc'), 'sl': 'MLM3321331826', 'cid': 'MLM437575', 'pid': 'MLM23127857'} | error='NoneType' object is not subscriptable
2026-01-16 14:51:16.689 | ERROR    | __main__:process_cursor:145 - 处理失败 | data={'_id': ObjectId('694501d838a0e7b69edc49cd'), 'sl': 'MLM2097243395', 'cid': 'MLM437575', 'pid': 'MLM38007982'} | error='NoneType' object is not subscriptable
2026-01-16 14:51:16.848 | ERROR    | __main__:process_cursor:145 - 处理失败 | data={'_id': ObjectId('694501d838a0e7b69edc49ce'), 'sl': 'MLM2355248401', 'cid': 'MLM437575'} | error='sku_id'
2026-01-16 14:51:16.971 | ERROR    | __main__:process_cursor:145 - 处理失败 | data={'_id': ObjectId('694501d838a0e7b69edc49cf'), 'sl': 'MLM3146590112', 'cid': 'MLM437575'} | error='sku_id'
2026-01-16 14:51:17.129 | ERROR    | __main__:process_cursor:145 - 处理失败 | data={'_id': ObjectId('694501d838a0e7b69edc49d0'), 'sl': 'MLM2445423501', 'cid': 'MLM437575', 'pid': 'MLM52114535'} | error='NoneType' object is not subscriptable
2026-01-16 14:51:17.250 | ERROR    | __main__:process_cursor:145 - 处理失败 | data={'_id': ObjectId('694501d838a0e7b69edc49d1'), 'sl': 'MLM2420532601', 'cid': 'MLM437575'} | error='sku_id'
2026-01-16 14:51:17.376 | ERROR    | __main__:process_cursor:145 - 处理失败 | data={'_id': ObjectId('694501d838a0e7b69edc49d2'), 'sl': 'MLM3623035058', 'cid': 'MLM437575', 'pid': 'MLM38422364'} | error='NoneType' object is not subscriptable
2026-01-16 14:51:17.497 | ERROR    | __main__:process_cursor:145 - 处理失败 | data={'_id': ObjectId('694501d838a0e7b69edc49d3'), 'sl': 'MLM4381355284', 'cid': 'MLM437575', 'pid': 'MLM61258446'} | error='NoneType' object is not subscriptable
2026-01-16 14:51:17.630 | ERROR    | __main__:process_cursor:145 - 处理失败 | data={'_id': ObjectId('694501d838a0e7b69edc49d4'), 'sl': 'MLM3601379852', 'cid': 'MLM437575', 'pid': 'MLM47272640'} | error='NoneType' object is not subscriptable
2026-01-16 14:51:17.735 | ERROR    | __main__:process_cursor:145 - 处理失败 | data={'_id': ObjectId('694501d838a0e7b69edc49d5'), 'sl': 'MLM2502226793', 'cid': 'MLM437575'} | error='sku_id'
2026-01-16 14:51:17.861 | ERROR    | __main__:process_cursor:145 - 处理失败 | data={'_id': ObjectId('694501d838a0e7b69edc49d6'), 'sl': 'MLM2461573574', 'cid': 'MLM437575', 'pid': 'MLM23511177'} | error='NoneType' object is not subscriptable
2026-01-16 14:51:18.015 | ERROR    | __main__:process_cursor:145 - 处理失败 | data={'_id': ObjectId('694501d838a0e7b69edc49d7'), 'sl': 'MLM2296913895', 'cid': 'MLM437575', 'pid': 'MLM47816717'} | error='NoneType' object is not subscriptable
2026-01-16 14:51:18.141 | ERROR    | __main__:process_cursor:145 - 处理失败 | data={'_id': ObjectId('694501d838a0e7b69edc49d8'), 'sl': 'MLM2239763532', 'cid': 'MLM437575'} | error='sku_id'
2026-01-16 14:51:18.259 | ERROR    | __main__:process_cursor:145 - 处理失败 | data={'_id': ObjectId('694501d838a0e7b69edc49d9'), 'sl': 'MLM4209665372', 'cid': 'MLM437575', 'pid': 'MLM45155361'} | error='NoneType' object is not subscriptable
2026-01-16 14:51:18.387 | ERROR    | __main__:process_cursor:145 - 处理失败 | data={'_id': ObjectId('694501d838a0e7b69edc49da'), 'sl': 'MLM2553396787', 'cid': 'MLM437575', 'pid': 'MLM61340755'} | error='NoneType' object is not subscriptable
2026-01-16 14:51:18.510 | ERROR    | __main__:process_cursor:145 - 处理失败 | data={'_id': ObjectId('694501d838a0e7b69edc49db'), 'sl': 'MLM2416824085', 'cid': 'MLM437575', 'pid': 'MLM54068560'} | error='NoneType' object is not subscriptable
2026-01-16 14:51:18.699 | ERROR    | __main__:process_cursor:145 - 处理失败 | data={'_id': ObjectId('694501d838a0e7b69edc49dc'), 'sl': 'MLM3640939010', 'cid': 'MLM437575'} | error='sku_id'
2026-01-16 14:51:18.823 | ERROR    | __main__:process_cursor:145 - 处理失败 | data={'_id': ObjectId('694501d838a0e7b69edc49dd'), 'sl': 'MLM3726355862', 'cid': 'MLM437575'} | error='sku_id'
2026-01-16 14:51:18.946 | ERROR    | __main__:process_cursor:145 - 处理失败 | data={'_id': ObjectId('694501d838a0e7b69edc49de'), 'sl': 'MLM4433042208', 'cid': 'MLM437575', 'pid': 'MLM62612884'} | error='NoneType' object is not subscriptable
2026-01-16 14:51:19.105 | ERROR    | __main__:process_cursor:145 - 处理失败 | data={'_id': ObjectId('694501d838a0e7b69edc49df'), 'sl': 'MLM1973792787', 'cid': 'MLM437575', 'pid': 'MLM27169756'} | error='NoneType' object is not subscriptable
2026-01-16 14:51:19.214 | ERROR    | __main__:process_cursor:145 - 处理失败 | data={'_id': ObjectId('694501d838a0e7b69edc49e0'), 'sl': 'MLM4109089506', 'cid': 'MLM437575', 'pid': 'MLM51046108'} | error='NoneType' object is not subscriptable
2026-01-16 14:51:19.336 | ERROR    | __main__:process_cursor:145 - 处理失败 | data={'_id': ObjectId('694501d838a0e7b69edc49e1'), 'sl': 'MLM1472864552', 'cid': 'MLM437575', 'pid': 'MLM19315633'} | error='NoneType' object is not subscriptable
2026-01-16 14:51:19.488 | ERROR    | __main__:process_cursor:145 - 处理失败 | data={'_id': ObjectId('694501d838a0e7b69edc49e2'), 'sl': 'MLM2581809967', 'cid': 'MLM437575', 'pid': 'MLM53986530'} | error='NoneType' object is not subscriptable
2026-01-16 14:51:19.653 | ERROR    | __main__:process_cursor:145 - 处理失败 | data={'_id': ObjectId('694501d838a0e7b69edc49e3'), 'sl': 'MLM3938979328', 'cid': 'MLM437575', 'pid': 'MLM53904300'} | error='NoneType' object is not subscriptable
2026-01-16 14:51:19.818 | ERROR    | __main__:process_cursor:145 - 处理失败 | data={'_id': ObjectId('694501d838a0e7b69edc49e4'), 'sl': 'MLM1916818817', 'cid': 'MLM437575', 'pid': 'MLM18609695'} | error='NoneType' object is not subscriptable
2026-01-16 14:51:19.944 | ERROR    | __main__:process_cursor:145 - 处理失败 | data={'_id': ObjectId('694501d838a0e7b69edc49e5'), 'sl': 'MLM4080912086', 'cid': 'MLM437575', 'pid': 'MLM55972185'} | error='NoneType' object is not subscriptable
2026-01-16 14:51:20.053 | ERROR    | __main__:process_cursor:145 - 处理失败 | data={'_id': ObjectId('694501d838a0e7b69edc49e6'), 'sl': 'MLM2313077685', 'cid': 'MLM437575', 'pid': 'MLM38172689'} | error='NoneType' object is not subscriptable
2026-01-16 14:51:20.303 | ERROR    | __main__:process_cursor:145 - 处理失败 | data={'_id': ObjectId('694501d838a0e7b69edc49e7'), 'sl': 'MLM2599478151', 'cid': 'MLM437575', 'pid': 'MLM37903641'} | error='NoneType' object is not subscriptable
2026-01-16 14:51:20.471 | ERROR    | __main__:process_cursor:145 - 处理失败 | data={'_id': ObjectId('694501d838a0e7b69edc49e8'), 'sl': 'MLM4462637578', 'cid': 'MLM437575', 'pid': 'MLM62800251'} | error='NoneType' object is not subscriptable
2026-01-16 14:51:20.715 | ERROR    | __main__:process_cursor:145 - 处理失败 | data={'_id': ObjectId('694501d838a0e7b69edc49e9'), 'sl': 'MLM1830204245', 'cid': 'MLM437575'} | error='sku_id'
2026-01-16 14:51:20.920 | ERROR    | __main__:process_cursor:145 - 处理失败 | data={'_id': ObjectId('694501d838a0e7b69edc49ea'), 'sl': 'MLM2284968612', 'cid': 'MLM437575', 'pid': 'MLM19311337'} | error='NoneType' object is not subscriptable
2026-01-16 14:51:21.066 | ERROR    | __main__:process_cursor:145 - 处理失败 | data={'_id': ObjectId('694501d838a0e7b69edc49eb'), 'sl': 'MLM3869013358', 'cid': 'MLM437575'} | error='sku_id'
2026-01-16 14:51:21.330 | ERROR    | __main__:process_cursor:145 - 处理失败 | data={'_id': ObjectId('694501d838a0e7b69edc49ec'), 'sl': 'MLM4523280202', 'cid': 'MLM437575', 'pid': 'MLM58971481'} | error='NoneType' object is not subscriptable
2026-01-16 14:51:21.625 | ERROR    | __main__:process_cursor:145 - 处理失败 | data={'_id': ObjectId('694501d838a0e7b69edc49ed'), 'sl': 'MLM3004017404', 'cid': 'MLM437575', 'pid': 'MLM26622403'} | error='NoneType' object is not subscriptable
2026-01-16 14:51:21.919 | ERROR    | __main__:process_cursor:145 - 处理失败 | data={'_id': ObjectId('694501d838a0e7b69edc49ee'), 'sl': 'MLM3369449436', 'cid': 'MLM437575'} | error='sku_id'
2026-01-16 14:51:22.090 | ERROR    | __main__:process_cursor:145 - 处理失败 | data={'_id': ObjectId('694501d838a0e7b69edc49ef'), 'sl': 'MLM3580646674', 'cid': 'MLM437575', 'pid': 'MLM46554632'} | error='NoneType' object is not subscriptable
2026-01-16 14:51:22.209 | ERROR    | __main__:process_cursor:145 - 处理失败 | data={'_id': ObjectId('694501d838a0e7b69edc49f0'), 'sl': 'MLM4282428368', 'cid': 'MLM437575', 'pid': 'MLM51234017'} | error='NoneType' object is not subscriptable
2026-01-16 14:51:22.330 | ERROR    | __main__:process_cursor:145 - 处理失败 | data={'_id': ObjectId('694501d838a0e7b69edc49f1'), 'sl': 'MLM2267957957', 'cid': 'MLM437575', 'pid': 'MLM47146577'} | error='NoneType' object is not subscriptable
2026-01-16 14:51:22.455 | ERROR    | __main__:process_cursor:145 - 处理失败 | data={'_id': ObjectId('694501d838a0e7b69edc49f2'), 'sl': 'MLM3600944444', 'cid': 'MLM437575', 'pid': 'MLM26912507'} | error='NoneType' object is not subscriptable
2026-01-16 14:51:22.584 | ERROR    | __main__:process_cursor:145 - 处理失败 | data={'_id': ObjectId('694501d838a0e7b69edc49f3'), 'sl': 'MLM3933883236', 'cid': 'MLM437575', 'pid': 'MLM53198249'} | error='NoneType' object is not subscriptable
2026-01-16 14:51:22.704 | ERROR    | __main__:process_cursor:145 - 处理失败 | data={'_id': ObjectId('694501d838a0e7b69edc49f4'), 'sl': 'MLM2610667096', 'cid': 'MLM437575', 'pid': 'MLM23381343'} | error='NoneType' object is not subscriptable
2026-01-16 14:51:22.830 | ERROR    | __main__:process_cursor:145 - 处理失败 | data={'_id': ObjectId('694501d838a0e7b69edc49f5'), 'sl': 'MLM4280528748', 'cid': 'MLM437575', 'pid': 'MLM61260031'} | error='NoneType' object is not subscriptable
2026-01-16 14:52:05.579 | INFO     | __main__:main:186 - 任务开始 | site=ml_mx | cat_id=['MLM437575', 'MLM455251', 'MLM420128']
2026-01-16 14:53:20.997 | INFO     | __main__:main:186 - 任务开始 | site=ml_mx | cat_id=['MLM437575', 'MLM455251', 'MLM420128']
2026-01-16 14:54:22.601 | INFO     | __main__:main:186 - 任务开始 | site=ml_mx | cat_id=['MLM437575', 'MLM455251', 'MLM420128']
2026-01-16 14:54:29.238 | ERROR    | __main__:process_cursor:147 - 处理失败 | data={'_id': ObjectId('694501d838a0e7b69edc4998'), 'sl': 'MLM3842106708', 'cid': 'MLM437575', 'pid': 'MLM52705904'} | error='sku_id'
2026-01-16 14:54:36.503 | ERROR    | __main__:process_cursor:147 - 处理失败 | data={'_id': ObjectId('694501d838a0e7b69edc4999'), 'sl': 'MLM2323928683', 'cid': 'MLM437575', 'pid': 'MLM49379018'} | error='sku_id'
2026-01-16 14:54:40.293 | ERROR    | __main__:process_cursor:147 - 处理失败 | data={'_id': ObjectId('694501d838a0e7b69edc499a'), 'sl': 'MLM3779547348', 'cid': 'MLM437575', 'pid': 'MLM40444477'} | error='sku_id'
2026-01-19 15:01:45.575 | INFO     | __main__:main:188 - 任务开始 | site=ml_mx | cat_id=['MLM437575', 'MLM455251', 'MLM420128']
2026-01-19 15:01:46.425 | INFO     | __main__:main:207 - 任务完成 | 成功=0 | 失败=0 | 总数=0
2026-01-19 15:03:16.849 | INFO     | __main__:main:188 - 任务开始 | site=ml_mx | cat_id=['MLM437575', 'MLM455251', 'MLM420128']
